<?xml version="1.0" encoding="UTF-8"?>
<!-- Generated by org.testng.reporters.JUnitXMLReporter -->
<testsuite hostname="HousingMan" ignored="2" name="Command line test" tests="5" failures="2" timestamp="24 Aug 2017 22:26:26 GMT" time="250.705" errors="0">
  <testcase name="login" time="51.337" classname="com.flipkartHybrid.LoginTest.LoginTest"/>
  <testcase name="login" time="122.719" classname="com.flipkartHybrid.LoginTest.LoginTest">
    <failure type="java.lang.AssertionError" message="Failed - Got an Actual Result as Failure">
      <![CDATA[java.lang.AssertionError: Failed - Got an Actual Result as Failure
	at com.flipkartHybrid.Keywords.executeKeywords(Keywords.java:62)
	at com.flipkartHybrid.LoginTest.LoginTest.login(LoginTest.java:38)
... Removed 36 stack frames]]>
    </failure>
  </testcase> <!-- login -->
  <testcase name="login" time="0.0" classname="com.flipkartHybrid.LoginTest.LoginTest">
    <skipped/>
  </testcase> <!-- login -->
  <testcase name="login" time="0.001" classname="com.flipkartHybrid.LoginTest.LoginTest">
    <skipped/>
  </testcase> <!-- login -->
  <testcase name="login" time="75.641" classname="com.flipkartHybrid.Product.FilterMobileTest">
    <failure type="org.openqa.selenium.WebDriverException" message="Failed to decode response from marionette
Build info: version: &amp;apos;3.4.0&amp;apos;, revision: &amp;apos;unknown&amp;apos;, time: &amp;apos;unknown&amp;apos;
System info: host: &amp;apos;HOUSINGMAN&amp;apos;, ip: &amp;apos;192.168.0.2&amp;apos;, os.name: &amp;apos;Windows 8.1&amp;apos;, os.arch: &amp;apos;amd64&amp;apos;, os.version: &amp;apos;6.3&amp;apos;, java.version: &amp;apos;1.8.0_71&amp;apos;
Driver info: driver.version: FirefoxDriver
remote stacktrace: stack backtrace:
   0:           0x4bd56f - &amp;lt;no info&amp;gt;
   1:           0x4bdcc9 - &amp;lt;no info&amp;gt;
   2:           0x449980 - &amp;lt;no info&amp;gt;
   3:           0x4207bc - &amp;lt;no info&amp;gt;
   4:           0x405e47 - &amp;lt;no info&amp;gt;
   5:           0x6db3d9 - &amp;lt;no info&amp;gt;
   6:           0x417847 - &amp;lt;no info&amp;gt;
   7:           0x6d56d3 - &amp;lt;no info&amp;gt;
   8:     0x7ffa709913d2 - BaseThreadInitThunk">
      <![CDATA[org.openqa.selenium.WebDriverException: Failed to decode response from marionette
Build info: version: '3.4.0', revision: 'unknown', time: 'unknown'
System info: host: 'HOUSINGMAN', ip: '192.168.0.2', os.name: 'Windows 8.1', os.arch: 'amd64', os.version: '6.3', java.version: '1.8.0_71'
Driver info: driver.version: FirefoxDriver
remote stacktrace: stack backtrace:
   0:           0x4bd56f - <no info>
   1:           0x4bdcc9 - <no info>
   2:           0x449980 - <no info>
   3:           0x4207bc - <no info>
   4:           0x405e47 - <no info>
   5:           0x6db3d9 - <no info>
   6:           0x417847 - <no info>
   7:           0x6d56d3 - <no info>
   8:     0x7ffa709913d2 - BaseThreadInitThunk
	at org.openqa.selenium.remote.W3CHandshakeResponse.lambda$new$0(W3CHandshakeResponse.java:57)
	at org.openqa.selenium.remote.W3CHandshakeResponse.lambda$getResponseFunction$2(W3CHandshakeResponse.java:104)
	at org.openqa.selenium.remote.ProtocolHandshake.lambda$createSession$22(ProtocolHandshake.java:365)
	at java.util.stream.ReferencePipeline$3$1.accept(ReferencePipeline.java:193)
	at java.util.Spliterators$ArraySpliterator.tryAdvance(Spliterators.java:958)
	at java.util.stream.ReferencePipeline.forEachWithCancel(ReferencePipeline.java:126)
	at java.util.stream.AbstractPipeline.copyIntoWithCancel(AbstractPipeline.java:498)
	at java.util.stream.AbstractPipeline.copyInto(AbstractPipeline.java:485)
	at java.util.stream.AbstractPipeline.wrapAndCopyInto(AbstractPipeline.java:471)
	at java.util.stream.FindOps$FindOp.evaluateSequential(FindOps.java:152)
	at java.util.stream.AbstractPipeline.evaluate(AbstractPipeline.java:234)
	at java.util.stream.ReferencePipeline.findFirst(ReferencePipeline.java:464)
	at org.openqa.selenium.remote.ProtocolHandshake.createSession(ProtocolHandshake.java:368)
	at org.openqa.selenium.remote.ProtocolHandshake.createSession(ProtocolHandshake.java:159)
	at org.openqa.selenium.remote.HttpCommandExecutor.execute(HttpCommandExecutor.java:142)
	at org.openqa.selenium.remote.service.DriverCommandExecutor.execute(DriverCommandExecutor.java:82)
	at org.openqa.selenium.remote.RemoteWebDriver.execute(RemoteWebDriver.java:637)
	at org.openqa.selenium.remote.RemoteWebDriver.startSession(RemoteWebDriver.java:250)
	at org.openqa.selenium.remote.RemoteWebDriver.startSession(RemoteWebDriver.java:236)
	at org.openqa.selenium.remote.RemoteWebDriver.<init>(RemoteWebDriver.java:137)
	at org.openqa.selenium.firefox.FirefoxDriver.<init>(FirefoxDriver.java:191)
	at org.openqa.selenium.firefox.FirefoxDriver.<init>(FirefoxDriver.java:108)
	at org.openqa.selenium.firefox.FirefoxDriver.<init>(FirefoxDriver.java:104)
	at com.flipkartHybrid.GenericKeywords.openBrowser(GenericKeywords.java:49)
	at com.flipkartHybrid.Keywords.executeKeywords(Keywords.java:38)
	at com.flipkartHybrid.Product.FilterMobileTest.login(FilterMobileTest.java:38)
... Removed 39 stack frames]]>
    </failure>
  </testcase> <!-- login -->
  <testcase name="@AfterTest afterTest" time="0.0" classname="com.flipkartHybrid.Base.BaseTest">
    <ignored/>
  </testcase> <!-- @AfterTest afterTest -->
  <testcase name="@AfterTest afterTest" time="0.0" classname="com.flipkartHybrid.Base.BaseTest">
    <ignored/>
  </testcase> <!-- @AfterTest afterTest -->
</testsuite> <!-- Command line test -->
