<?xml version="1.0" encoding="UTF-8"?>
<!-- Generated by org.testng.reporters.JUnitXMLReporter -->
<testsuite hostname="HousingMan" ignored="0" name="FlipKart Login" tests="4" failures="1" timestamp="24 Aug 2017 20:15:38 GMT" time="89.587" errors="0">
  <testcase name="login" time="36.5" classname="com.flipkartHybrid.LoginTest.LoginTest"/>
  <testcase name="login" time="51.325" classname="com.flipkartHybrid.LoginTest.LoginTest">
    <failure type="java.lang.AssertionError" message="Failed - Got an Actual Result as Failure">
      <![CDATA[java.lang.AssertionError: Failed - Got an Actual Result as Failure
	at com.flipkartHybrid.Keywords.executeKeywords(Keywords.java:62)
	at com.flipkartHybrid.LoginTest.LoginTest.login(LoginTest.java:38)
... Removed 27 stack frames]]>
    </failure>
  </testcase> <!-- login -->
  <testcase name="login" time="0.004" classname="com.flipkartHybrid.LoginTest.LoginTest">
    <skipped/>
  </testcase> <!-- login -->
  <testcase name="login" time="0.005" classname="com.flipkartHybrid.LoginTest.LoginTest">
    <skipped/>
  </testcase> <!-- login -->
</testsuite> <!-- FlipKart Login -->
